  211806229林婧虹 图书管理系统.cpp
D:\林婧虹\数构\图书管理系统\管理系统\管理系统\211806229林婧虹 图书管理系统.cpp(118,2): warning C4996: 'scanf': This function or variable may be unsafe. Consider using scanf_s instead. To disable deprecation, use _CRT_SECURE_NO_WARNINGS. See online help for details.
D:\林婧虹\数构\图书管理系统\管理系统\管理系统\211806229林婧虹 图书管理系统.cpp(120,2): warning C4996: 'scanf': This function or variable may be unsafe. Consider using scanf_s instead. To disable deprecation, use _CRT_SECURE_NO_WARNINGS. See online help for details.
D:\林婧虹\数构\图书管理系统\管理系统\管理系统\211806229林婧虹 图书管理系统.cpp(122,2): warning C4996: 'scanf': This function or variable may be unsafe. Consider using scanf_s instead. To disable deprecation, use _CRT_SECURE_NO_WARNINGS. See online help for details.
D:\林婧虹\数构\图书管理系统\管理系统\管理系统\211806229林婧虹 图书管理系统.cpp(124,2): warning C4996: 'scanf': This function or variable may be unsafe. Consider using scanf_s instead. To disable deprecation, use _CRT_SECURE_NO_WARNINGS. See online help for details.
D:\林婧虹\数构\图书管理系统\管理系统\管理系统\211806229林婧虹 图书管理系统.cpp(126,2): warning C4996: 'scanf': This function or variable may be unsafe. Consider using scanf_s instead. To disable deprecation, use _CRT_SECURE_NO_WARNINGS. See online help for details.
D:\林婧虹\数构\图书管理系统\管理系统\管理系统\211806229林婧虹 图书管理系统.cpp(134,3): warning C4996: 'scanf': This function or variable may be unsafe. Consider using scanf_s instead. To disable deprecation, use _CRT_SECURE_NO_WARNINGS. See online help for details.
D:\林婧虹\数构\图书管理系统\管理系统\管理系统\211806229林婧虹 图书管理系统.cpp(180,10): warning C4996: 'fopen': This function or variable may be unsafe. Consider using fopen_s instead. To disable deprecation, use _CRT_SECURE_NO_WARNINGS. See online help for details.
D:\林婧虹\数构\图书管理系统\管理系统\管理系统\211806229林婧虹 图书管理系统.cpp(209,2): warning C4996: 'scanf': This function or variable may be unsafe. Consider using scanf_s instead. To disable deprecation, use _CRT_SECURE_NO_WARNINGS. See online help for details.
D:\林婧虹\数构\图书管理系统\管理系统\管理系统\211806229林婧虹 图书管理系统.cpp(246,2): warning C4996: 'scanf': This function or variable may be unsafe. Consider using scanf_s instead. To disable deprecation, use _CRT_SECURE_NO_WARNINGS. See online help for details.
D:\林婧虹\数构\图书管理系统\管理系统\管理系统\211806229林婧虹 图书管理系统.cpp(296,2): warning C4996: 'scanf': This function or variable may be unsafe. Consider using scanf_s instead. To disable deprecation, use _CRT_SECURE_NO_WARNINGS. See online help for details.
D:\林婧虹\数构\图书管理系统\管理系统\管理系统\211806229林婧虹 图书管理系统.cpp(311,4): warning C4996: 'scanf': This function or variable may be unsafe. Consider using scanf_s instead. To disable deprecation, use _CRT_SECURE_NO_WARNINGS. See online help for details.
D:\林婧虹\数构\图书管理系统\管理系统\管理系统\211806229林婧虹 图书管理系统.cpp(313,4): warning C4996: 'scanf': This function or variable may be unsafe. Consider using scanf_s instead. To disable deprecation, use _CRT_SECURE_NO_WARNINGS. See online help for details.
D:\林婧虹\数构\图书管理系统\管理系统\管理系统\211806229林婧虹 图书管理系统.cpp(315,4): warning C4996: 'scanf': This function or variable may be unsafe. Consider using scanf_s instead. To disable deprecation, use _CRT_SECURE_NO_WARNINGS. See online help for details.
D:\林婧虹\数构\图书管理系统\管理系统\管理系统\211806229林婧虹 图书管理系统.cpp(317,4): warning C4996: 'scanf': This function or variable may be unsafe. Consider using scanf_s instead. To disable deprecation, use _CRT_SECURE_NO_WARNINGS. See online help for details.
D:\林婧虹\数构\图书管理系统\管理系统\管理系统\211806229林婧虹 图书管理系统.cpp(319,4): warning C4996: 'scanf': This function or variable may be unsafe. Consider using scanf_s instead. To disable deprecation, use _CRT_SECURE_NO_WARNINGS. See online help for details.
D:\林婧虹\数构\图书管理系统\管理系统\管理系统\211806229林婧虹 图书管理系统.cpp(327,5): warning C4996: 'scanf': This function or variable may be unsafe. Consider using scanf_s instead. To disable deprecation, use _CRT_SECURE_NO_WARNINGS. See online help for details.
D:\林婧虹\数构\图书管理系统\管理系统\管理系统\211806229林婧虹 图书管理系统.cpp(357,2): warning C4996: 'scanf': This function or variable may be unsafe. Consider using scanf_s instead. To disable deprecation, use _CRT_SECURE_NO_WARNINGS. See online help for details.
D:\林婧虹\数构\图书管理系统\管理系统\管理系统\211806229林婧虹 图书管理系统.cpp(394,5): warning C4996: 'scanf': This function or variable may be unsafe. Consider using scanf_s instead. To disable deprecation, use _CRT_SECURE_NO_WARNINGS. See online help for details.
D:\林婧虹\数构\图书管理系统\管理系统\管理系统\211806229林婧虹 图书管理系统.cpp(427,10): warning C4996: 'fopen': This function or variable may be unsafe. Consider using fopen_s instead. To disable deprecation, use _CRT_SECURE_NO_WARNINGS. See online help for details.
D:\林婧虹\数构\图书管理系统\管理系统\管理系统\211806229林婧虹 图书管理系统.cpp(438,9): warning C4996: 'fscanf': This function or variable may be unsafe. Consider using fscanf_s instead. To disable deprecation, use _CRT_SECURE_NO_WARNINGS. See online help for details.
D:\林婧虹\数构\图书管理系统\管理系统\管理系统\211806229林婧虹 图书管理系统.cpp(445,5): warning C4996: 'strcpy': This function or variable may be unsafe. Consider using strcpy_s instead. To disable deprecation, use _CRT_SECURE_NO_WARNINGS. See online help for details.
D:\林婧虹\数构\图书管理系统\管理系统\管理系统\211806229林婧虹 图书管理系统.cpp(448,5): warning C4996: 'strcpy': This function or variable may be unsafe. Consider using strcpy_s instead. To disable deprecation, use _CRT_SECURE_NO_WARNINGS. See online help for details.
D:\林婧虹\数构\图书管理系统\管理系统\管理系统\211806229林婧虹 图书管理系统.cpp(451,5): warning C4996: 'strcpy': This function or variable may be unsafe. Consider using strcpy_s instead. To disable deprecation, use _CRT_SECURE_NO_WARNINGS. See online help for details.
D:\林婧虹\数构\图书管理系统\管理系统\管理系统\211806229林婧虹 图书管理系统.cpp(454,5): warning C4996: 'strcpy': This function or variable may be unsafe. Consider using strcpy_s instead. To disable deprecation, use _CRT_SECURE_NO_WARNINGS. See online help for details.
D:\林婧虹\数构\图书管理系统\管理系统\管理系统\211806229林婧虹 图书管理系统.cpp(457,5): warning C4996: 'strcpy': This function or variable may be unsafe. Consider using strcpy_s instead. To disable deprecation, use _CRT_SECURE_NO_WARNINGS. See online help for details.
D:\林婧虹\数构\图书管理系统\管理系统\管理系统\211806229林婧虹 图书管理系统.cpp(464,5): warning C4996: 'strcpy': This function or variable may be unsafe. Consider using strcpy_s instead. To disable deprecation, use _CRT_SECURE_NO_WARNINGS. See online help for details.
D:\林婧虹\数构\图书管理系统\管理系统\管理系统\211806229林婧虹 图书管理系统.cpp(483,3): warning C4996: 'scanf': This function or variable may be unsafe. Consider using scanf_s instead. To disable deprecation, use _CRT_SECURE_NO_WARNINGS. See online help for details.
  管理系统.vcxproj -> D:\林婧虹\数构\图书管理系统\管理系统\Debug\管理系统.exe
